
> @davim5-ignite-ui/docs@1.0.0 build
> build-storybook

info @storybook/react v6.5.16
info 
info => Cleaning outputDir: /home/davil/Codes/Rocketseat/React/design-system/packages/docs/storybook-static
info => Loading presets
info => Loading custom manager config
info => Compiling manager..
info => Loading custom manager config
vite v4.2.1 building for production...
transforming...
info => Manager built (23 s)
Use of eval in "../../node_modules/telejson/dist/esm/index.js" is strongly discouraged as it poses security risks and may cause issues with minification.
Use of eval in "../../node_modules/telejson/dist/esm/index.js" is strongly discouraged as it poses security risks and may cause issues with minification.
Use of eval in "../../node_modules/@storybook/components/dist/esm/index-681e4b07.js" is strongly discouraged as it poses security risks and may cause issues with minification.
✓ 2545 modules transformed.
rendering chunks...
computing gzip size...
storybook-static/iframe.html                                          13.93 kB
storybook-static/assets/TokensGrid-37594f72.css                        0.44 kB │ gzip:   0.22 kB
storybook-static/assets/es.map.constructor-1852000b.js                 0.30 kB │ gzip:   0.25 kB │ map:     0.79 kB
storybook-static/assets/preview-a0a100a4.js                            0.38 kB │ gzip:   0.29 kB │ map:     0.55 kB
storybook-static/assets/string-47e78a0d.js                             0.42 kB │ gzip:   0.32 kB │ map:     1.13 kB
storybook-static/assets/Box.stories-e617103c.js                        0.45 kB │ gzip:   0.32 kB │ map:     0.10 kB
storybook-static/assets/Avatar.stories-a2e30a96.js                     0.49 kB │ gzip:   0.35 kB │ map:     0.11 kB
storybook-static/assets/Checkbox.stories-2a4e257f.js                   0.52 kB │ gzip:   0.37 kB │ map:     0.11 kB
storybook-static/assets/MultiStep.stories-9c6bcf9d.js                  0.54 kB │ gzip:   0.37 kB │ map:     0.11 kB
storybook-static/assets/es.string.from-code-point-21b6440e.js          0.59 kB │ gzip:   0.44 kB │ map:     2.22 kB
storybook-static/assets/TextArea.stories-c14339bb.js                   0.61 kB │ gzip:   0.42 kB │ map:     0.11 kB
storybook-static/assets/TextInput.stories-33e6e400.js                  0.66 kB │ gzip:   0.44 kB │ map:     0.11 kB
storybook-static/assets/es.regexp.flags-2ddd4e07.js                    0.67 kB │ gzip:   0.47 kB │ map:     2.78 kB
storybook-static/assets/Heading.stories-2982bb95.js                    0.68 kB │ gzip:   0.45 kB │ map:     0.11 kB
storybook-static/assets/client-3d0388be.js                             0.72 kB │ gzip:   0.46 kB │ map:     0.94 kB
storybook-static/assets/Text.stories-bd2768c9.js                       0.82 kB │ gzip:   0.53 kB │ map:     0.11 kB
storybook-static/assets/preview-ffd38f6a.js                            0.85 kB │ gzip:   0.53 kB │ map:     7.48 kB
storybook-static/assets/make-decorator-fae8e048.js                     0.91 kB │ gzip:   0.54 kB │ map:     3.11 kB
storybook-static/assets/index-e12bbcad.js                              0.92 kB │ gzip:   0.51 kB │ map:     2.49 kB
storybook-static/assets/TokensGrid-28cdc6cd.js                         0.93 kB │ gzip:   0.51 kB │ map:     1.66 kB
storybook-static/assets/jsx-runtime-1a736281.js                        1.15 kB │ gzip:   0.71 kB │ map:     2.23 kB
storybook-static/assets/home.stories-b656ae23.js                       1.27 kB │ gzip:   0.76 kB │ map:     1.24 kB
storybook-static/assets/radii.stories-c609e70e.js                      1.37 kB │ gzip:   0.79 kB │ map:     1.42 kB
storybook-static/assets/space.stories-0d4f3962.js                      1.39 kB │ gzip:   0.80 kB │ map:     1.46 kB
storybook-static/assets/fonts.stories-891feee1.js                      1.39 kB │ gzip:   0.79 kB │ map:     1.44 kB
storybook-static/assets/font-weights.stories-dc47eb6d.js               1.40 kB │ gzip:   0.80 kB │ map:     1.47 kB
storybook-static/assets/line-heights.stories-1cd324cc.js               1.40 kB │ gzip:   0.80 kB │ map:     1.47 kB
storybook-static/assets/font-sizes.stories-076d3721.js                 1.40 kB │ gzip:   0.81 kB │ map:     1.49 kB
storybook-static/assets/es.number.to-fixed-a55e639a.js                 1.75 kB │ gzip:   1.07 kB │ map:     8.24 kB
storybook-static/assets/preview-8a95b7d9.js                            1.94 kB │ gzip:   0.73 kB │ map:     4.31 kB
storybook-static/assets/index-429af4b6.js                              2.51 kB │ gzip:   1.25 kB │ map:     6.18 kB
storybook-static/assets/renderDocs-ea41c85d.js                         2.76 kB │ gzip:   1.36 kB │ map:     9.81 kB
storybook-static/assets/Button.stories-15232d6f.js                     3.08 kB │ gzip:   1.02 kB │ map:     6.28 kB
storybook-static/assets/preview-2f6992c8.js                            3.44 kB │ gzip:   1.57 kB │ map:    14.26 kB
storybook-static/assets/preview-34a1d4d3.js                            4.63 kB │ gzip:   1.79 kB │ map:    17.23 kB
storybook-static/assets/config-456643b4.js                             5.99 kB │ gzip:   2.42 kB │ map:    20.74 kB
storybook-static/assets/index-d9b45e15.js                              7.45 kB │ gzip:   3.08 kB │ map:    15.82 kB
storybook-static/assets/preview-dd43777b.js                            8.19 kB │ gzip:   1.74 kB │ map:    17.32 kB
storybook-static/assets/colors.stories-d9bfc25c.js                     9.54 kB │ gzip:   4.08 kB │ map:   146.37 kB
storybook-static/assets/preview-4f2fa10b.js                            9.77 kB │ gzip:   3.45 kB │ map:    39.83 kB
storybook-static/assets/preview-d5119597.js                           10.46 kB │ gzip:   4.07 kB │ map:    43.80 kB
storybook-static/assets/GlobalScrollAreaStyles-8793ce4a-addfa36c.js   10.65 kB │ gzip:   2.47 kB │ map:    20.92 kB
storybook-static/assets/preview-d9701a9b.js                           27.03 kB │ gzip:   8.55 kB │ map:   105.36 kB
storybook-static/assets/Color-f953d088-ffb54c5d.js                    34.49 kB │ gzip:  13.09 kB │ map:   134.07 kB
storybook-static/assets/index-b0a815ea.js                             38.63 kB │ gzip:  13.91 kB │ map:   141.67 kB
storybook-static/assets/WithTooltip-167e9982-6ac7d7f0.js              41.23 kB │ gzip:  13.89 kB │ map:   181.18 kB
storybook-static/assets/index-01efa98d.js                             61.00 kB │ gzip:  22.30 kB │ map:   273.93 kB
storybook-static/assets/OverlayScrollbars-1355f44c-b3157572.js        64.75 kB │ gzip:  27.51 kB │ map:   443.64 kB
storybook-static/assets/syntaxhighlighter-b07b042a-b320009e.js       117.38 kB │ gzip:  48.88 kB │ map:   468.31 kB
storybook-static/assets/index-6250d530.js                            138.56 kB │ gzip:  45.66 kB │ map:   334.09 kB
storybook-static/assets/config-3fc66c31.js                           410.15 kB │ gzip: 124.31 kB │ map: 1,448.39 kB
storybook-static/assets/Props-c0f4df48.js                            421.44 kB │ gzip: 124.20 kB │ map:   904.98 kB
storybook-static/assets/axe-d943b430.js                              507.63 kB │ gzip: 136.39 kB │ map: 1,714.48 kB
storybook-static/assets/iframe-7184b7d5.js                           511.51 kB │ gzip: 145.61 kB │ map: 1,440.47 kB
storybook-static/assets/formatter-0d5cb0eb-21ad0d59.js               742.42 kB │ gzip: 239.84 kB │ map: 1,793.44 kB

(!) Some chunks are larger than 500 kBs after minification. Consider:
- Using dynamic import() to code-split the application
- Use build.rollupOptions.output.manualChunks to improve chunking: https://rollupjs.org/configuration-options/#output-manualchunks
- Adjust chunk size limit for this warning via build.chunkSizeWarningLimit.
✓ built in 30.56s
info => Output directory: /home/davil/Codes/Rocketseat/React/design-system/packages/docs/storybook-static
